{"contracts/Lock.sol":{"l":{"15":2,"20":1,"21":1,"28":5,"29":4,"31":3,"33":3,"37":0,"39":0},"path":"/Users/smruti/Documents/MTECH/Capston project/dapp-demo/contract/contracts/Lock.sol","s":{"1":2,"2":5,"3":4,"4":3,"5":3,"6":0,"7":0},"b":{"1":[1,1],"2":[4,1],"3":[3,1],"4":[0,0]},"f":{"1":2,"2":5,"3":0},"fnMap":{"1":{"name":"constructor","line":14,"loc":{"start":{"line":14,"column":4},"end":{"line":22,"column":4}}},"2":{"name":"withdraw","line":24,"loc":{"start":{"line":24,"column":4},"end":{"line":34,"column":4}}},"3":{"name":"deposit","line":36,"loc":{"start":{"line":36,"column":4},"end":{"line":40,"column":4}}}},"statementMap":{"1":{"start":{"line":15,"column":8},"end":{"line":15,"column":393}},"2":{"start":{"line":28,"column":8},"end":{"line":28,"column":71}},"3":{"start":{"line":29,"column":8},"end":{"line":29,"column":59}},"4":{"start":{"line":31,"column":8},"end":{"line":31,"column":63}},"5":{"start":{"line":33,"column":8},"end":{"line":33,"column":44}},"6":{"start":{"line":37,"column":8},"end":{"line":37,"column":73}},"7":{"start":{"line":39,"column":8},"end":{"line":39,"column":60}}},"branchMap":{"1":{"line":15,"type":"if","locations":[{"start":{"line":15,"column":8},"end":{"line":15,"column":8}},{"start":{"line":15,"column":8},"end":{"line":15,"column":8}}]},"2":{"line":28,"type":"if","locations":[{"start":{"line":28,"column":8},"end":{"line":28,"column":8}},{"start":{"line":28,"column":8},"end":{"line":28,"column":8}}]},"3":{"line":29,"type":"if","locations":[{"start":{"line":29,"column":8},"end":{"line":29,"column":8}},{"start":{"line":29,"column":8},"end":{"line":29,"column":8}}]},"4":{"line":37,"type":"if","locations":[{"start":{"line":37,"column":8},"end":{"line":37,"column":8}},{"start":{"line":37,"column":8},"end":{"line":37,"column":8}}]}}}}